In the node console
> Web3 = require('web3')
> web3 = new Web3(new Web3.providers.HttpProvider("http://localhost:8545"));
> web3.eth.accounts
['0x5c252a0c0475f9711b56ab160a1999729eccce97'
'0x353d310bed379b2d1df3b727645e200997016ba3'
'0xa3ddc09b5e49d654a43e161cae3f865261cabd23'
'0xa8a188c6d97ec8cf905cc1dd1cd318e887249ec5'
'0xc0aa5f8b79db71335dacc7cd116f357d7ecd2798'
'0xda695959ff85f0581ca924e549567390a0034058'
'0xd4ee63452555a87048dcfe2a039208d113323790'
'0xc60c8a7b752d38e35e0359e25a2e0f6692b10d14'
'0xba7ec95286334e8634e89760fab8d2ec1226bf42'
'0x208e02303fe29be3698732e92ca32b88d80a2d36']


> code = fs.readFileSync('Voting.sol').toString()
> solc = require('solc')
> compiledCode = solc.compile(code)

Execute this in your node console:
> abiDefinition = JSON.parse(compiledCode.contracts[':Voting'].interface)
> VotingContract = web3.eth.contract(abiDefinition)
> byteCode = compiledCode.contracts[':Voting'].bytecode
> deployedContract = VotingContract.new(['Rama','Nick','Jose'],{data: byteCode, from: web3.eth.accounts[0], gas: 4700000})
> deployedContract.address
'0xea53a1225cda4cf9ae7e6af4f6a5980de25d5416' <- Your address will be different
> contractInstance = VotingContract.at(deployedContract.address)


In your node console:
> contractInstance.totalVotesFor.call('Rama')
{ [String: '0'] s: 1, e: 0, c: [ 0 ] }
> contractInstance.voteForCandidate('Rama', {from: web3.eth.accounts[0]})
'0xd65b6dd448744e9353e5c484ac051aa43c197038'
> contractInstance.voteForCandidate('Rama', {from: web3.eth.accounts[0]})
'0x40885884d1a778303b26855dd691d2d85c291a34'
> contractInstance.voteForCandidate('Rama', {from: web3.eth.accounts[0]})
'0x35192a4baa60725bcf44a28b6a1988fbe5fe3b2a'
> contractInstance.totalVotesFor.call('Rama').toLocaleString()
'3'
